[0904/181628.780:ERROR:process_info.cc(329)] VirtualQueryEx: Access is denied. (0x5)
[0904/181629.097:ERROR:process_info.cc(556)] ReadMemoryInfo failed
[0923/235313.102:ERROR:crash_report_database_win.cc(428)] unexpected header
[0924/000313.192:ERROR:crash_report_database_win.cc(428)] unexpected header
[0924/000313.265:ERROR:crash_report_database_win.cc(428)] unexpected header
[0924/000813.140:ERROR:crash_report_database_win.cc(428)] unexpected header
[0924/002313.142:ERROR:crash_report_database_win.cc(428)] unexpected header
[0924/003813.145:ERROR:crash_report_database_win.cc(428)] unexpected header
[0924/005346.522:ERROR:crash_report_database_win.cc(428)] unexpected header
[0924/010846.525:ERROR:crash_report_database_win.cc(428)] unexpected header
[0924/012346.538:ERROR:crash_report_database_win.cc(428)] unexpected header
[0924/013846.541:ERROR:crash_report_database_win.cc(428)] unexpected header
[0924/015346.543:ERROR:crash_report_database_win.cc(428)] unexpected header
[0924/020846.670:ERROR:crash_report_database_win.cc(428)] unexpected header
[0924/022346.674:ERROR:crash_report_database_win.cc(428)] unexpected header
[0924/023846.677:ERROR:crash_report_database_win.cc(428)] unexpected header
[0925/125420.941:ERROR:crash_report_database_win.cc(428)] unexpected header
[0925/130420.919:ERROR:crash_report_database_win.cc(428)] unexpected header
[0925/130420.921:ERROR:crash_report_database_win.cc(428)] unexpected header
[0925/130921.099:ERROR:crash_report_database_win.cc(428)] unexpected header
[0925/132421.101:ERROR:crash_report_database_win.cc(428)] unexpected header
[0925/133921.103:ERROR:crash_report_database_win.cc(428)] unexpected header
[0925/135421.106:ERROR:crash_report_database_win.cc(428)] unexpected header
[0925/140921.108:ERROR:crash_report_database_win.cc(428)] unexpected header
[0925/190042.136:ERROR:crash_report_database_win.cc(428)] unexpected header
[0925/191542.140:ERROR:crash_report_database_win.cc(428)] unexpected header
[0925/193042.143:ERROR:crash_report_database_win.cc(428)] unexpected header
[0925/194542.146:ERROR:crash_report_database_win.cc(428)] unexpected header
[0925/200042.148:ERROR:crash_report_database_win.cc(428)] unexpected header
[0925/212807.177:ERROR:crash_report_database_win.cc(428)] unexpected header
[0925/214307.180:ERROR:crash_report_database_win.cc(428)] unexpected header
[0925/215807.183:ERROR:crash_report_database_win.cc(428)] unexpected header
[0925/221307.185:ERROR:crash_report_database_win.cc(428)] unexpected header
[0925/222807.190:ERROR:crash_report_database_win.cc(428)] unexpected header
[0925/224307.191:ERROR:crash_report_database_win.cc(428)] unexpected header
[0925/225807.195:ERROR:crash_report_database_win.cc(428)] unexpected header
[0925/231307.198:ERROR:crash_report_database_win.cc(428)] unexpected header
[0925/232807.204:ERROR:crash_report_database_win.cc(428)] unexpected header
[0925/234307.206:ERROR:crash_report_database_win.cc(428)] unexpected header
[0925/235807.209:ERROR:crash_report_database_win.cc(428)] unexpected header
[0926/001307.213:ERROR:crash_report_database_win.cc(428)] unexpected header
[0926/002807.216:ERROR:crash_report_database_win.cc(428)] unexpected header
[0926/102119.442:ERROR:crash_report_database_win.cc(428)] unexpected header
[0926/103619.447:ERROR:crash_report_database_win.cc(428)] unexpected header
[0926/105119.450:ERROR:crash_report_database_win.cc(428)] unexpected header
[0926/110619.452:ERROR:crash_report_database_win.cc(428)] unexpected header
[0926/112119.455:ERROR:crash_report_database_win.cc(428)] unexpected header
[0926/113619.457:ERROR:crash_report_database_win.cc(428)] unexpected header
[0926/115119.459:ERROR:crash_report_database_win.cc(428)] unexpected header
[0926/120619.494:ERROR:crash_report_database_win.cc(428)] unexpected header
[0927/110951.663:ERROR:crash_report_database_win.cc(428)] unexpected header
[0929/125937.195:ERROR:crash_report_database_win.cc(428)] unexpected header
[0929/130937.196:ERROR:crash_report_database_win.cc(428)] unexpected header
[0929/130937.198:ERROR:crash_report_database_win.cc(428)] unexpected header
[0929/131437.304:ERROR:crash_report_database_win.cc(428)] unexpected header
[0929/132937.305:ERROR:crash_report_database_win.cc(428)] unexpected header
[0929/134437.308:ERROR:crash_report_database_win.cc(428)] unexpected header
[0929/135937.310:ERROR:crash_report_database_win.cc(428)] unexpected header
[0929/141748.472:ERROR:crash_report_database_win.cc(428)] unexpected header
[0929/143248.483:ERROR:crash_report_database_win.cc(428)] unexpected header
[0929/144748.484:ERROR:crash_report_database_win.cc(428)] unexpected header
[0929/150248.487:ERROR:crash_report_database_win.cc(428)] unexpected header
[0929/151748.488:ERROR:crash_report_database_win.cc(428)] unexpected header
[0929/153248.490:ERROR:crash_report_database_win.cc(428)] unexpected header
[0929/154748.492:ERROR:crash_report_database_win.cc(428)] unexpected header
[0929/160248.495:ERROR:crash_report_database_win.cc(428)] unexpected header
[0929/161748.497:ERROR:crash_report_database_win.cc(428)] unexpected header
[0929/163248.500:ERROR:crash_report_database_win.cc(428)] unexpected header
[0929/164748.502:ERROR:crash_report_database_win.cc(428)] unexpected header
[0929/170248.505:ERROR:crash_report_database_win.cc(428)] unexpected header
[0929/171748.508:ERROR:crash_report_database_win.cc(428)] unexpected header
[0929/173248.511:ERROR:crash_report_database_win.cc(428)] unexpected header
[0929/174748.513:ERROR:crash_report_database_win.cc(428)] unexpected header
[0929/180248.517:ERROR:crash_report_database_win.cc(428)] unexpected header
[0929/181748.519:ERROR:crash_report_database_win.cc(428)] unexpected header
[0929/183248.521:ERROR:crash_report_database_win.cc(428)] unexpected header
[0929/184748.524:ERROR:crash_report_database_win.cc(428)] unexpected header
[0929/190248.526:ERROR:crash_report_database_win.cc(428)] unexpected header
[0929/191748.529:ERROR:crash_report_database_win.cc(428)] unexpected header
[1016/142710.338:ERROR:crash_report_database_win.cc(428)] unexpected header
[1016/235318.819:ERROR:crash_report_database_win.cc(457)] unexpected header
[1017/000318.821:ERROR:crash_report_database_win.cc(457)] unexpected header
[1017/000318.821:ERROR:directory_reader_win.cc(43)] FindFirstFile: The system cannot find the path specified. (0x3)
[1017/000318.824:ERROR:crash_report_database_win.cc(457)] unexpected header
[1017/000318.826:ERROR:crash_report_database_win.cc(457)] unexpected header
[1017/000818.940:ERROR:crash_report_database_win.cc(457)] unexpected header
[1017/002318.962:ERROR:crash_report_database_win.cc(457)] unexpected header
[1017/003819.012:ERROR:crash_report_database_win.cc(457)] unexpected header
[1017/005319.014:ERROR:crash_report_database_win.cc(457)] unexpected header
[1017/010819.022:ERROR:crash_report_database_win.cc(457)] unexpected header
[1017/012319.024:ERROR:crash_report_database_win.cc(457)] unexpected header
[1017/013819.026:ERROR:crash_report_database_win.cc(457)] unexpected header
[1017/015319.029:ERROR:crash_report_database_win.cc(457)] unexpected header
[1017/020819.031:ERROR:crash_report_database_win.cc(457)] unexpected header
[1017/022319.033:ERROR:crash_report_database_win.cc(457)] unexpected header
[1017/023819.036:ERROR:crash_report_database_win.cc(457)] unexpected header
[1018/231525.815:ERROR:crash_report_database_win.cc(457)] unexpected header
[1018/232525.821:ERROR:crash_report_database_win.cc(457)] unexpected header
[1018/232525.821:ERROR:directory_reader_win.cc(43)] FindFirstFile: The system cannot find the path specified. (0x3)
[1018/232525.877:ERROR:crash_report_database_win.cc(457)] unexpected header
[1018/232525.880:ERROR:crash_report_database_win.cc(457)] unexpected header
[1018/233025.817:ERROR:crash_report_database_win.cc(457)] unexpected header
[1018/234525.820:ERROR:crash_report_database_win.cc(457)] unexpected header
[1019/000025.906:ERROR:crash_report_database_win.cc(457)] unexpected header
[1019/001525.909:ERROR:crash_report_database_win.cc(457)] unexpected header
[1019/003025.911:ERROR:crash_report_database_win.cc(457)] unexpected header
[1019/004525.935:ERROR:crash_report_database_win.cc(457)] unexpected header
[1019/010025.996:ERROR:crash_report_database_win.cc(457)] unexpected header
[1019/011526.089:ERROR:crash_report_database_win.cc(457)] unexpected header
[1019/013026.093:ERROR:crash_report_database_win.cc(457)] unexpected header
[1019/014526.097:ERROR:crash_report_database_win.cc(457)] unexpected header
[1019/020026.099:ERROR:crash_report_database_win.cc(457)] unexpected header
[1019/021526.102:ERROR:crash_report_database_win.cc(457)] unexpected header
[1019/125302.650:ERROR:crash_report_database_win.cc(457)] unexpected header
[1019/130802.653:ERROR:crash_report_database_win.cc(457)] unexpected header
[1019/132302.654:ERROR:crash_report_database_win.cc(457)] unexpected header
[1019/133802.719:ERROR:crash_report_database_win.cc(457)] unexpected header
[1019/135302.721:ERROR:crash_report_database_win.cc(457)] unexpected header
[1019/140802.725:ERROR:crash_report_database_win.cc(457)] unexpected header
[1019/142302.727:ERROR:crash_report_database_win.cc(457)] unexpected header
[1019/143802.729:ERROR:crash_report_database_win.cc(457)] unexpected header
[1019/145302.732:ERROR:crash_report_database_win.cc(457)] unexpected header
[1019/150802.735:ERROR:crash_report_database_win.cc(457)] unexpected header
[1019/152302.738:ERROR:crash_report_database_win.cc(457)] unexpected header
[1019/153802.741:ERROR:crash_report_database_win.cc(457)] unexpected header
[1019/155302.746:ERROR:crash_report_database_win.cc(457)] unexpected header
[1019/160802.748:ERROR:crash_report_database_win.cc(457)] unexpected header
[1019/162302.752:ERROR:crash_report_database_win.cc(457)] unexpected header
[1019/163802.755:ERROR:crash_report_database_win.cc(457)] unexpected header
[1019/165302.758:ERROR:crash_report_database_win.cc(457)] unexpected header
[1019/170802.769:ERROR:crash_report_database_win.cc(457)] unexpected header
[1019/172302.838:ERROR:crash_report_database_win.cc(457)] unexpected header
[1019/173802.840:ERROR:crash_report_database_win.cc(457)] unexpected header
[1019/175302.843:ERROR:crash_report_database_win.cc(457)] unexpected header
[1019/180802.846:ERROR:crash_report_database_win.cc(457)] unexpected header
[1019/182302.849:ERROR:crash_report_database_win.cc(457)] unexpected header
[1019/183802.852:ERROR:crash_report_database_win.cc(457)] unexpected header
[1019/185302.854:ERROR:crash_report_database_win.cc(457)] unexpected header
[1019/190802.857:ERROR:crash_report_database_win.cc(457)] unexpected header
[1019/192302.860:ERROR:crash_report_database_win.cc(457)] unexpected header
[1019/193802.862:ERROR:crash_report_database_win.cc(457)] unexpected header
[1019/195302.865:ERROR:crash_report_database_win.cc(457)] unexpected header
[1019/200802.867:ERROR:crash_report_database_win.cc(457)] unexpected header
[1019/202302.870:ERROR:crash_report_database_win.cc(457)] unexpected header
[1019/203802.873:ERROR:crash_report_database_win.cc(457)] unexpected header
[1019/205302.876:ERROR:crash_report_database_win.cc(457)] unexpected header
[1019/221723.236:ERROR:crash_report_database_win.cc(457)] unexpected header
[1019/223223.239:ERROR:crash_report_database_win.cc(457)] unexpected header
[1019/224723.242:ERROR:crash_report_database_win.cc(457)] unexpected header
[1019/230223.247:ERROR:crash_report_database_win.cc(457)] unexpected header
[1019/231723.250:ERROR:crash_report_database_win.cc(457)] unexpected header
[1019/233223.253:ERROR:crash_report_database_win.cc(457)] unexpected header
[1019/234723.256:ERROR:crash_report_database_win.cc(457)] unexpected header
[1020/000223.259:ERROR:crash_report_database_win.cc(457)] unexpected header
[1020/001723.262:ERROR:crash_report_database_win.cc(457)] unexpected header
[1020/003223.264:ERROR:crash_report_database_win.cc(457)] unexpected header
[1020/004723.268:ERROR:crash_report_database_win.cc(457)] unexpected header
[1020/010223.343:ERROR:crash_report_database_win.cc(457)] unexpected header
[1020/011723.376:ERROR:crash_report_database_win.cc(457)] unexpected header
[1020/013223.380:ERROR:crash_report_database_win.cc(457)] unexpected header
[1020/014723.383:ERROR:crash_report_database_win.cc(457)] unexpected header
[1020/020223.387:ERROR:crash_report_database_win.cc(457)] unexpected header
[1020/021723.392:ERROR:crash_report_database_win.cc(457)] unexpected header
[1020/023223.395:ERROR:crash_report_database_win.cc(457)] unexpected header
[1020/024723.517:ERROR:crash_report_database_win.cc(457)] unexpected header
[1020/104927.225:ERROR:crash_report_database_win.cc(457)] unexpected header
[1020/105927.224:ERROR:crash_report_database_win.cc(457)] unexpected header
[1020/105927.225:ERROR:directory_reader_win.cc(43)] FindFirstFile: The system cannot find the path specified. (0x3)
[1020/105927.228:ERROR:crash_report_database_win.cc(457)] unexpected header
[1020/105927.230:ERROR:crash_report_database_win.cc(457)] unexpected header
[1020/110427.278:ERROR:crash_report_database_win.cc(457)] unexpected header
[1020/111927.282:ERROR:crash_report_database_win.cc(457)] unexpected header
[1020/113427.283:ERROR:crash_report_database_win.cc(457)] unexpected header
[1020/114927.375:ERROR:crash_report_database_win.cc(457)] unexpected header
[1020/120427.379:ERROR:crash_report_database_win.cc(457)] unexpected header
[1020/121927.382:ERROR:crash_report_database_win.cc(457)] unexpected header
[1020/123427.448:ERROR:crash_report_database_win.cc(457)] unexpected header
[1020/124927.513:ERROR:crash_report_database_win.cc(457)] unexpected header
[1020/130427.514:ERROR:crash_report_database_win.cc(457)] unexpected header
[1020/131927.590:ERROR:crash_report_database_win.cc(457)] unexpected header
[1020/133427.592:ERROR:crash_report_database_win.cc(457)] unexpected header
[1020/134927.727:ERROR:crash_report_database_win.cc(457)] unexpected header
[1020/140427.729:ERROR:crash_report_database_win.cc(457)] unexpected header
[1020/141927.731:ERROR:crash_report_database_win.cc(457)] unexpected header
[1020/143431.664:ERROR:crash_report_database_win.cc(457)] unexpected header
[1020/144933.378:ERROR:crash_report_database_win.cc(457)] unexpected header
[1020/183346.771:ERROR:crash_report_database_win.cc(457)] unexpected header
[1020/184346.772:ERROR:crash_report_database_win.cc(457)] unexpected header
[1020/184346.772:ERROR:directory_reader_win.cc(43)] FindFirstFile: The system cannot find the path specified. (0x3)
[1020/184346.775:ERROR:crash_report_database_win.cc(457)] unexpected header
[1020/184346.777:ERROR:crash_report_database_win.cc(457)] unexpected header
[1020/184846.834:ERROR:crash_report_database_win.cc(457)] unexpected header
[1020/190346.838:ERROR:crash_report_database_win.cc(457)] unexpected header
[1020/191846.842:ERROR:crash_report_database_win.cc(457)] unexpected header
[1020/193346.845:ERROR:crash_report_database_win.cc(457)] unexpected header
[1020/194846.848:ERROR:crash_report_database_win.cc(457)] unexpected header
[1020/200346.852:ERROR:crash_report_database_win.cc(457)] unexpected header
[1020/201846.856:ERROR:crash_report_database_win.cc(457)] unexpected header
[1020/203346.880:ERROR:crash_report_database_win.cc(457)] unexpected header
[1020/204846.883:ERROR:crash_report_database_win.cc(457)] unexpected header
[1020/210346.887:ERROR:crash_report_database_win.cc(457)] unexpected header
[1020/211846.891:ERROR:crash_report_database_win.cc(457)] unexpected header
[1020/213346.894:ERROR:crash_report_database_win.cc(457)] unexpected header
[1020/214846.897:ERROR:crash_report_database_win.cc(457)] unexpected header
[1020/220346.903:ERROR:crash_report_database_win.cc(457)] unexpected header
[1020/221846.906:ERROR:crash_report_database_win.cc(457)] unexpected header
[1020/223346.909:ERROR:crash_report_database_win.cc(457)] unexpected header
[1020/224846.911:ERROR:crash_report_database_win.cc(457)] unexpected header
[1020/230346.914:ERROR:crash_report_database_win.cc(457)] unexpected header
[1020/231846.916:ERROR:crash_report_database_win.cc(457)] unexpected header
[1021/010929.574:ERROR:crash_report_database_win.cc(457)] unexpected header
[1021/011929.573:ERROR:crash_report_database_win.cc(457)] unexpected header
[1021/011929.573:ERROR:directory_reader_win.cc(43)] FindFirstFile: The system cannot find the path specified. (0x3)
[1021/011929.639:ERROR:crash_report_database_win.cc(457)] unexpected header
[1021/011929.641:ERROR:crash_report_database_win.cc(457)] unexpected header
[1021/012429.643:ERROR:crash_report_database_win.cc(457)] unexpected header
[1021/013929.650:ERROR:crash_report_database_win.cc(457)] unexpected header
[1021/015429.721:ERROR:crash_report_database_win.cc(457)] unexpected header
[1021/020929.902:ERROR:crash_report_database_win.cc(457)] unexpected header
[1021/022429.906:ERROR:crash_report_database_win.cc(457)] unexpected header
[1021/023929.908:ERROR:crash_report_database_win.cc(457)] unexpected header
[1021/025429.911:ERROR:crash_report_database_win.cc(457)] unexpected header
[1021/030929.914:ERROR:crash_report_database_win.cc(457)] unexpected header
[1021/032429.917:ERROR:crash_report_database_win.cc(457)] unexpected header
[1021/033929.987:ERROR:crash_report_database_win.cc(457)] unexpected header
[1021/035430.013:ERROR:crash_report_database_win.cc(457)] unexpected header
[1021/040930.017:ERROR:crash_report_database_win.cc(457)] unexpected header
[1021/042430.020:ERROR:crash_report_database_win.cc(457)] unexpected header
[1021/043930.022:ERROR:crash_report_database_win.cc(457)] unexpected header
[1021/045430.026:ERROR:crash_report_database_win.cc(457)] unexpected header
[1021/050930.031:ERROR:crash_report_database_win.cc(457)] unexpected header
[1021/052430.036:ERROR:crash_report_database_win.cc(457)] unexpected header
[1021/053930.043:ERROR:crash_report_database_win.cc(457)] unexpected header
[1021/055430.048:ERROR:crash_report_database_win.cc(457)] unexpected header
[1021/060930.051:ERROR:crash_report_database_win.cc(457)] unexpected header
[1021/062430.238:ERROR:crash_report_database_win.cc(457)] unexpected header
[1021/063930.521:ERROR:crash_report_database_win.cc(457)] unexpected header
[1021/065430.594:ERROR:crash_report_database_win.cc(457)] unexpected header
[1021/070930.863:ERROR:crash_report_database_win.cc(457)] unexpected header
[1021/072430.948:ERROR:crash_report_database_win.cc(457)] unexpected header
[1021/073930.951:ERROR:crash_report_database_win.cc(457)] unexpected header
[1021/075430.954:ERROR:crash_report_database_win.cc(457)] unexpected header
[1021/080930.961:ERROR:crash_report_database_win.cc(457)] unexpected header
[1021/082431.008:ERROR:crash_report_database_win.cc(457)] unexpected header
[1021/083931.012:ERROR:crash_report_database_win.cc(457)] unexpected header
[1021/085431.169:ERROR:crash_report_database_win.cc(457)] unexpected header
[1021/090931.197:ERROR:crash_report_database_win.cc(457)] unexpected header
[1021/092431.202:ERROR:crash_report_database_win.cc(457)] unexpected header
[1021/093931.207:ERROR:crash_report_database_win.cc(457)] unexpected header
[1021/095437.535:ERROR:crash_report_database_win.cc(457)] unexpected header
[1021/101647.765:ERROR:crash_report_database_win.cc(457)] unexpected header
[1021/222112.943:ERROR:crash_report_database_win.cc(457)] unexpected header
[1022/214242.258:ERROR:crash_report_database_win.cc(457)] unexpected header
[1024/072745.817:ERROR:crash_report_database_win.cc(457)] unexpected header
[1024/073745.817:ERROR:crash_report_database_win.cc(457)] unexpected header
[1024/073745.817:ERROR:directory_reader_win.cc(43)] FindFirstFile: The system cannot find the path specified. (0x3)
[1024/073745.847:ERROR:crash_report_database_win.cc(457)] unexpected header
[1024/073745.848:ERROR:crash_report_database_win.cc(457)] unexpected header
[1024/074245.819:ERROR:crash_report_database_win.cc(457)] unexpected header
[1024/075745.821:ERROR:crash_report_database_win.cc(457)] unexpected header
[1024/081245.824:ERROR:crash_report_database_win.cc(457)] unexpected header
[1024/082745.825:ERROR:crash_report_database_win.cc(457)] unexpected header
[1024/084357.643:ERROR:crash_report_database_win.cc(457)] unexpected header
[1024/085857.663:ERROR:crash_report_database_win.cc(457)] unexpected header
[1024/091357.664:ERROR:crash_report_database_win.cc(457)] unexpected header
[1024/092857.666:ERROR:crash_report_database_win.cc(457)] unexpected header
[1024/094357.669:ERROR:crash_report_database_win.cc(457)] unexpected header
[1024/095857.671:ERROR:crash_report_database_win.cc(457)] unexpected header
[1024/101357.674:ERROR:crash_report_database_win.cc(457)] unexpected header
[1025/033929.752:ERROR:crash_report_database_win.cc(457)] unexpected header
[1025/034929.752:ERROR:crash_report_database_win.cc(457)] unexpected header
[1025/034929.752:ERROR:directory_reader_win.cc(43)] FindFirstFile: The system cannot find the path specified. (0x3)
[1025/034929.755:ERROR:crash_report_database_win.cc(457)] unexpected header
[1025/034929.757:ERROR:crash_report_database_win.cc(457)] unexpected header
[1025/035429.781:ERROR:crash_report_database_win.cc(457)] unexpected header
[1025/041115.935:ERROR:crash_report_database_win.cc(457)] unexpected header
[1025/060457.787:ERROR:crash_report_database_win.cc(457)] unexpected header
[1025/061457.787:ERROR:crash_report_database_win.cc(457)] unexpected header
[1025/061457.830:ERROR:directory_reader_win.cc(43)] FindFirstFile: The system cannot find the path specified. (0x3)
[1025/061457.852:ERROR:crash_report_database_win.cc(457)] unexpected header
[1025/061457.853:ERROR:crash_report_database_win.cc(457)] unexpected header
[1025/062123.880:ERROR:crash_report_database_win.cc(457)] unexpected header
[1025/063623.925:ERROR:crash_report_database_win.cc(457)] unexpected header
[1025/065123.927:ERROR:crash_report_database_win.cc(457)] unexpected header
[1025/070623.930:ERROR:crash_report_database_win.cc(457)] unexpected header
[1025/072123.933:ERROR:crash_report_database_win.cc(457)] unexpected header
[1025/073623.936:ERROR:crash_report_database_win.cc(457)] unexpected header
[1025/075123.991:ERROR:crash_report_database_win.cc(457)] unexpected header
[1025/080623.993:ERROR:crash_report_database_win.cc(457)] unexpected header
[1025/082123.996:ERROR:crash_report_database_win.cc(457)] unexpected header
[1025/083623.998:ERROR:crash_report_database_win.cc(457)] unexpected header
[1025/183220.322:ERROR:crash_report_database_win.cc(457)] unexpected header
[1025/184720.331:ERROR:crash_report_database_win.cc(457)] unexpected header
[1025/190220.333:ERROR:crash_report_database_win.cc(457)] unexpected header
[1025/191720.335:ERROR:crash_report_database_win.cc(457)] unexpected header
[1025/193220.338:ERROR:crash_report_database_win.cc(457)] unexpected header
[1025/194720.340:ERROR:crash_report_database_win.cc(457)] unexpected header
[1025/200220.341:ERROR:crash_report_database_win.cc(457)] unexpected header
[1025/201720.344:ERROR:crash_report_database_win.cc(457)] unexpected header
[1025/203220.346:ERROR:crash_report_database_win.cc(457)] unexpected header
[1025/204720.348:ERROR:crash_report_database_win.cc(457)] unexpected header
[1025/210220.351:ERROR:crash_report_database_win.cc(457)] unexpected header
[1025/211720.353:ERROR:crash_report_database_win.cc(457)] unexpected header
[1025/213220.354:ERROR:crash_report_database_win.cc(457)] unexpected header
[1025/214720.357:ERROR:crash_report_database_win.cc(457)] unexpected header
[1025/220220.359:ERROR:crash_report_database_win.cc(457)] unexpected header
[1025/221720.360:ERROR:crash_report_database_win.cc(457)] unexpected header
[1025/223220.363:ERROR:crash_report_database_win.cc(457)] unexpected header
[1025/224720.366:ERROR:crash_report_database_win.cc(457)] unexpected header
[1025/230220.369:ERROR:crash_report_database_win.cc(457)] unexpected header
[1025/231720.371:ERROR:crash_report_database_win.cc(457)] unexpected header
[1025/233220.373:ERROR:crash_report_database_win.cc(457)] unexpected header
[1025/234720.376:ERROR:crash_report_database_win.cc(457)] unexpected header
[1026/000220.379:ERROR:crash_report_database_win.cc(457)] unexpected header
[1026/001720.381:ERROR:crash_report_database_win.cc(457)] unexpected header
[1026/003220.503:ERROR:crash_report_database_win.cc(457)] unexpected header
[1026/004720.804:ERROR:crash_report_database_win.cc(457)] unexpected header
[1026/024231.557:ERROR:crash_report_database_win.cc(457)] unexpected header
[1026/025231.556:ERROR:crash_report_database_win.cc(457)] unexpected header
[1026/025231.557:ERROR:directory_reader_win.cc(43)] FindFirstFile: The system cannot find the path specified. (0x3)
[1026/025231.609:ERROR:crash_report_database_win.cc(457)] unexpected header
[1026/025231.611:ERROR:crash_report_database_win.cc(457)] unexpected header
[1026/025731.631:ERROR:crash_report_database_win.cc(457)] unexpected header
[1026/031231.633:ERROR:crash_report_database_win.cc(457)] unexpected header
[1026/032731.634:ERROR:crash_report_database_win.cc(457)] unexpected header
[1026/034231.636:ERROR:crash_report_database_win.cc(457)] unexpected header
[1026/035731.638:ERROR:crash_report_database_win.cc(457)] unexpected header
[1026/041231.641:ERROR:crash_report_database_win.cc(457)] unexpected header
[1026/042731.643:ERROR:crash_report_database_win.cc(457)] unexpected header
[1026/044231.644:ERROR:crash_report_database_win.cc(457)] unexpected header
[1026/045731.645:ERROR:crash_report_database_win.cc(457)] unexpected header
[1026/051231.648:ERROR:crash_report_database_win.cc(457)] unexpected header
[1026/052731.650:ERROR:crash_report_database_win.cc(457)] unexpected header
[1026/054231.652:ERROR:crash_report_database_win.cc(457)] unexpected header
[1026/055731.655:ERROR:crash_report_database_win.cc(457)] unexpected header
[1026/203523.883:ERROR:crash_report_database_win.cc(457)] unexpected header
[1026/204523.884:ERROR:crash_report_database_win.cc(457)] unexpected header
[1026/204523.884:ERROR:directory_reader_win.cc(43)] FindFirstFile: The system cannot find the path specified. (0x3)
[1026/204523.887:ERROR:crash_report_database_win.cc(457)] unexpected header
[1026/204523.889:ERROR:crash_report_database_win.cc(457)] unexpected header
[1026/205023.943:ERROR:crash_report_database_win.cc(457)] unexpected header
[1026/210523.947:ERROR:crash_report_database_win.cc(457)] unexpected header
[1027/015155.592:ERROR:crash_report_database_win.cc(457)] unexpected header
[1027/020655.601:ERROR:crash_report_database_win.cc(457)] unexpected header
[1027/022155.603:ERROR:crash_report_database_win.cc(457)] unexpected header
[1027/023655.611:ERROR:crash_report_database_win.cc(457)] unexpected header
[1027/025155.614:ERROR:crash_report_database_win.cc(457)] unexpected header
[1027/030655.616:ERROR:crash_report_database_win.cc(457)] unexpected header
[1027/074223.045:ERROR:crash_report_database_win.cc(457)] unexpected header
[1027/075723.112:ERROR:crash_report_database_win.cc(457)] unexpected header
[1027/081223.160:ERROR:crash_report_database_win.cc(457)] unexpected header
[1027/082723.163:ERROR:crash_report_database_win.cc(457)] unexpected header
[1027/084223.165:ERROR:crash_report_database_win.cc(457)] unexpected header
[1027/085723.170:ERROR:crash_report_database_win.cc(457)] unexpected header
[1027/091223.404:ERROR:crash_report_database_win.cc(457)] unexpected header
[1027/092723.459:ERROR:crash_report_database_win.cc(457)] unexpected header
[1027/170034.079:ERROR:crash_report_database_win.cc(457)] unexpected header
[1027/171034.079:ERROR:crash_report_database_win.cc(457)] unexpected header
[1027/171034.080:ERROR:directory_reader_win.cc(43)] FindFirstFile: The system cannot find the path specified. (0x3)
[1027/171034.083:ERROR:crash_report_database_win.cc(457)] unexpected header
[1027/171034.085:ERROR:crash_report_database_win.cc(457)] unexpected header
[1027/171534.081:ERROR:crash_report_database_win.cc(457)] unexpected header
[1027/173034.083:ERROR:crash_report_database_win.cc(457)] unexpected header
[1027/174534.086:ERROR:crash_report_database_win.cc(457)] unexpected header
[1027/180034.088:ERROR:crash_report_database_win.cc(457)] unexpected header
[1027/181534.090:ERROR:crash_report_database_win.cc(457)] unexpected header
[1028/003743.583:ERROR:crash_report_database_win.cc(457)] unexpected header
[1028/005243.586:ERROR:crash_report_database_win.cc(457)] unexpected header
[1028/010743.588:ERROR:crash_report_database_win.cc(457)] unexpected header
[1028/012243.591:ERROR:crash_report_database_win.cc(457)] unexpected header
[1028/013743.594:ERROR:crash_report_database_win.cc(457)] unexpected header
[1028/020058.244:ERROR:crash_report_database_win.cc(457)] unexpected header
[1028/021558.247:ERROR:crash_report_database_win.cc(457)] unexpected header
[1028/023058.293:ERROR:crash_report_database_win.cc(457)] unexpected header
[1028/025219.450:ERROR:crash_report_database_win.cc(457)] unexpected header
[1028/032520.530:ERROR:crash_report_database_win.cc(457)] unexpected header
[1028/034020.534:ERROR:crash_report_database_win.cc(457)] unexpected header
[1028/035520.581:ERROR:crash_report_database_win.cc(457)] unexpected header
[1028/054834.015:ERROR:crash_report_database_win.cc(457)] unexpected header
[1028/060334.019:ERROR:crash_report_database_win.cc(457)] unexpected header
[1028/061834.023:ERROR:crash_report_database_win.cc(457)] unexpected header
[1028/063334.134:ERROR:crash_report_database_win.cc(457)] unexpected header
[1028/064834.263:ERROR:crash_report_database_win.cc(457)] unexpected header
[1028/070334.545:ERROR:crash_report_database_win.cc(457)] unexpected header
[1028/071834.897:ERROR:crash_report_database_win.cc(457)] unexpected header
[1028/073335.217:ERROR:crash_report_database_win.cc(457)] unexpected header
[1028/074835.232:ERROR:crash_report_database_win.cc(457)] unexpected header
[1028/080335.260:ERROR:crash_report_database_win.cc(457)] unexpected header
[1028/081835.263:ERROR:crash_report_database_win.cc(457)] unexpected header
[1028/083335.265:ERROR:crash_report_database_win.cc(457)] unexpected header
[1028/084835.273:ERROR:crash_report_database_win.cc(457)] unexpected header
[1028/090335.274:ERROR:crash_report_database_win.cc(457)] unexpected header
[1028/091835.277:ERROR:crash_report_database_win.cc(457)] unexpected header
[1028/093335.292:ERROR:crash_report_database_win.cc(457)] unexpected header
[1028/094835.439:ERROR:crash_report_database_win.cc(457)] unexpected header
[1028/100335.646:ERROR:crash_report_database_win.cc(457)] unexpected header
[1028/101835.778:ERROR:crash_report_database_win.cc(457)] unexpected header
[1028/103335.839:ERROR:crash_report_database_win.cc(457)] unexpected header
[1028/104835.952:ERROR:crash_report_database_win.cc(457)] unexpected header
[1028/205038.711:ERROR:crash_report_database_win.cc(457)] unexpected header
[1028/222156.213:ERROR:crash_report_database_win.cc(457)] unexpected header
[1028/222156.213:ERROR:directory_reader_win.cc(43)] FindFirstFile: The system cannot find the path specified. (0x3)
[1028/222156.216:ERROR:crash_report_database_win.cc(457)] unexpected header
[1028/222156.217:ERROR:crash_report_database_win.cc(457)] unexpected header
[1028/222656.300:ERROR:crash_report_database_win.cc(457)] unexpected header
[1028/224156.316:ERROR:crash_report_database_win.cc(457)] unexpected header
[1028/225656.319:ERROR:crash_report_database_win.cc(457)] unexpected header
[1028/231156.355:ERROR:crash_report_database_win.cc(457)] unexpected header
[1028/232656.515:ERROR:crash_report_database_win.cc(457)] unexpected header
[1028/234156.519:ERROR:crash_report_database_win.cc(457)] unexpected header
[1029/065646.080:ERROR:crash_report_database_win.cc(457)] unexpected header
[1029/071146.236:ERROR:crash_report_database_win.cc(457)] unexpected header
[1029/072646.239:ERROR:crash_report_database_win.cc(457)] unexpected header
[1029/074146.241:ERROR:crash_report_database_win.cc(457)] unexpected header
[1029/075646.247:ERROR:crash_report_database_win.cc(457)] unexpected header
[1029/080254.704:ERROR:crash_report_database_win.cc(457)] unexpected header
[1029/081146.505:ERROR:crash_report_database_win.cc(457)] unexpected header
[1029/082646.547:ERROR:crash_report_database_win.cc(457)] unexpected header
[1029/084146.571:ERROR:crash_report_database_win.cc(457)] unexpected header
[1029/085646.575:ERROR:crash_report_database_win.cc(457)] unexpected header
[1029/091146.596:ERROR:crash_report_database_win.cc(457)] unexpected header
[1029/092646.662:ERROR:crash_report_database_win.cc(457)] unexpected header
[1029/175026.484:ERROR:crash_report_database_win.cc(457)] unexpected header
[1029/180026.484:ERROR:crash_report_database_win.cc(457)] unexpected header
[1029/180026.485:ERROR:directory_reader_win.cc(43)] FindFirstFile: The system cannot find the path specified. (0x3)
[1029/180026.488:ERROR:crash_report_database_win.cc(457)] unexpected header
[1029/180026.491:ERROR:crash_report_database_win.cc(457)] unexpected header
[1029/180526.488:ERROR:crash_report_database_win.cc(457)] unexpected header
[1029/182026.492:ERROR:crash_report_database_win.cc(457)] unexpected header
[1029/183526.543:ERROR:crash_report_database_win.cc(457)] unexpected header
[1029/185026.547:ERROR:crash_report_database_win.cc(457)] unexpected header
[1029/190526.549:ERROR:crash_report_database_win.cc(457)] unexpected header
[1029/192026.553:ERROR:crash_report_database_win.cc(457)] unexpected header
[1029/193526.556:ERROR:crash_report_database_win.cc(457)] unexpected header
[1029/195026.559:ERROR:crash_report_database_win.cc(457)] unexpected header
[1029/200526.562:ERROR:crash_report_database_win.cc(457)] unexpected header
[1029/202026.565:ERROR:crash_report_database_win.cc(457)] unexpected header
[1029/203526.568:ERROR:crash_report_database_win.cc(457)] unexpected header
[1029/205026.572:ERROR:crash_report_database_win.cc(457)] unexpected header
[1029/210526.576:ERROR:crash_report_database_win.cc(457)] unexpected header
[1030/050214.716:ERROR:crash_report_database_win.cc(457)] unexpected header
[1030/051714.774:ERROR:crash_report_database_win.cc(457)] unexpected header
[1030/053214.777:ERROR:crash_report_database_win.cc(457)] unexpected header
[1030/054714.782:ERROR:crash_report_database_win.cc(457)] unexpected header
[1030/060214.831:ERROR:crash_report_database_win.cc(457)] unexpected header
[1030/061714.872:ERROR:crash_report_database_win.cc(457)] unexpected header
[1030/063214.876:ERROR:crash_report_database_win.cc(457)] unexpected header
[1030/064714.879:ERROR:crash_report_database_win.cc(457)] unexpected header
[1030/070214.883:ERROR:crash_report_database_win.cc(457)] unexpected header
[1030/071714.886:ERROR:crash_report_database_win.cc(457)] unexpected header
[1030/073214.889:ERROR:crash_report_database_win.cc(457)] unexpected header
[1030/074714.892:ERROR:crash_report_database_win.cc(457)] unexpected header
[1031/144210.712:ERROR:crash_report_database_win.cc(457)] unexpected header
[1202/132720.250:ERROR:crash_report_database_win.cc(457)] unexpected header
[1202/133720.251:ERROR:crash_report_database_win.cc(457)] unexpected header
[1202/133720.251:ERROR:directory_reader_win.cc(43)] FindFirstFile: The system cannot find the path specified. (0x3)
[1202/133720.253:ERROR:crash_report_database_win.cc(457)] unexpected header
[1202/133720.254:ERROR:crash_report_database_win.cc(457)] unexpected header
[1202/134220.252:ERROR:crash_report_database_win.cc(457)] unexpected header
[1202/135720.255:ERROR:crash_report_database_win.cc(457)] unexpected header
[1202/141220.257:ERROR:crash_report_database_win.cc(457)] unexpected header
[1202/172848.121:ERROR:crash_report_database_win.cc(457)] unexpected header
[1202/174348.123:ERROR:crash_report_database_win.cc(457)] unexpected header
[1203/170749.992:ERROR:crash_report_database_win.cc(457)] unexpected header
[1203/172249.995:ERROR:crash_report_database_win.cc(457)] unexpected header
[1203/173749.997:ERROR:crash_report_database_win.cc(457)] unexpected header
[1203/175250.031:ERROR:crash_report_database_win.cc(457)] unexpected header
[1203/180750.033:ERROR:crash_report_database_win.cc(457)] unexpected header
[1203/182250.035:ERROR:crash_report_database_win.cc(457)] unexpected header
[1203/183750.037:ERROR:crash_report_database_win.cc(457)] unexpected header
[1203/185250.040:ERROR:crash_report_database_win.cc(457)] unexpected header
[1203/190750.121:ERROR:crash_report_database_win.cc(457)] unexpected header
[1203/192250.123:ERROR:crash_report_database_win.cc(457)] unexpected header
[1203/193750.152:ERROR:crash_report_database_win.cc(457)] unexpected header
[1203/195250.154:ERROR:crash_report_database_win.cc(457)] unexpected header
[1203/200750.157:ERROR:crash_report_database_win.cc(457)] unexpected header
[1203/202250.160:ERROR:crash_report_database_win.cc(457)] unexpected header
[1203/203750.162:ERROR:crash_report_database_win.cc(457)] unexpected header
[1203/205250.204:ERROR:crash_report_database_win.cc(457)] unexpected header
[1203/210750.207:ERROR:crash_report_database_win.cc(457)] unexpected header
[1106/141749.231:ERROR:crash_report_database_win.cc(457)] unexpected header
[1107/113641.534:ERROR:crash_report_database_win.cc(457)] unexpected header
[1107/114641.638:ERROR:crash_report_database_win.cc(457)] unexpected header
[1107/114641.639:ERROR:directory_reader_win.cc(43)] FindFirstFile: The system cannot find the path specified. (0x3)
[1107/114641.641:ERROR:crash_report_database_win.cc(457)] unexpected header
[1107/114641.643:ERROR:crash_report_database_win.cc(457)] unexpected header
[1107/115141.721:ERROR:crash_report_database_win.cc(457)] unexpected header
[1107/120641.723:ERROR:crash_report_database_win.cc(457)] unexpected header
[1107/122141.725:ERROR:crash_report_database_win.cc(457)] unexpected header
[1107/123641.727:ERROR:crash_report_database_win.cc(457)] unexpected header
[1107/125141.796:ERROR:crash_report_database_win.cc(457)] unexpected header
[1107/130641.798:ERROR:crash_report_database_win.cc(457)] unexpected header
[1107/132141.801:ERROR:crash_report_database_win.cc(457)] unexpected header
[1107/133641.803:ERROR:crash_report_database_win.cc(457)] unexpected header
[1107/135141.807:ERROR:crash_report_database_win.cc(457)] unexpected header
[1107/140641.809:ERROR:crash_report_database_win.cc(457)] unexpected header
[1107/142141.811:ERROR:crash_report_database_win.cc(457)] unexpected header
[1107/143641.814:ERROR:crash_report_database_win.cc(457)] unexpected header
[1107/145141.817:ERROR:crash_report_database_win.cc(457)] unexpected header
[1107/222018.053:ERROR:crash_report_database_win.cc(457)] unexpected header
[1107/223518.056:ERROR:crash_report_database_win.cc(457)] unexpected header
[1107/225018.059:ERROR:crash_report_database_win.cc(457)] unexpected header
[1107/230518.061:ERROR:crash_report_database_win.cc(457)] unexpected header
[1107/232018.063:ERROR:crash_report_database_win.cc(457)] unexpected header
[1107/233518.065:ERROR:crash_report_database_win.cc(457)] unexpected header
[1107/235018.067:ERROR:crash_report_database_win.cc(457)] unexpected header
[1108/000518.070:ERROR:crash_report_database_win.cc(457)] unexpected header
[1108/002018.072:ERROR:crash_report_database_win.cc(457)] unexpected header
[1108/003518.076:ERROR:crash_report_database_win.cc(457)] unexpected header
[1108/005018.078:ERROR:crash_report_database_win.cc(457)] unexpected header
[1109/095756.046:ERROR:crash_report_database_win.cc(457)] unexpected header
[1109/100756.047:ERROR:crash_report_database_win.cc(457)] unexpected header
[1109/100756.047:ERROR:directory_reader_win.cc(43)] FindFirstFile: The system cannot find the path specified. (0x3)
[1109/100756.051:ERROR:crash_report_database_win.cc(457)] unexpected header
[1109/100756.054:ERROR:crash_report_database_win.cc(457)] unexpected header
[1109/101256.295:ERROR:crash_report_database_win.cc(457)] unexpected header
[1109/102756.298:ERROR:crash_report_database_win.cc(457)] unexpected header
[1109/104256.301:ERROR:crash_report_database_win.cc(457)] unexpected header
[1109/105756.304:ERROR:crash_report_database_win.cc(457)] unexpected header
[1109/111256.308:ERROR:crash_report_database_win.cc(457)] unexpected header
[1109/112756.339:ERROR:crash_report_database_win.cc(457)] unexpected header
[1109/114256.343:ERROR:crash_report_database_win.cc(457)] unexpected header
[1109/115756.346:ERROR:crash_report_database_win.cc(457)] unexpected header
[1109/121256.349:ERROR:crash_report_database_win.cc(457)] unexpected header
[1109/122756.352:ERROR:crash_report_database_win.cc(457)] unexpected header
[1109/124256.355:ERROR:crash_report_database_win.cc(457)] unexpected header
[1109/125756.359:ERROR:crash_report_database_win.cc(457)] unexpected header
[1109/131256.362:ERROR:crash_report_database_win.cc(457)] unexpected header
[1109/132756.365:ERROR:crash_report_database_win.cc(457)] unexpected header
[1109/134256.370:ERROR:crash_report_database_win.cc(457)] unexpected header
[1109/135757.268:ERROR:crash_report_database_win.cc(457)] unexpected header
[1109/141257.411:ERROR:crash_report_database_win.cc(457)] unexpected header
[1109/142757.415:ERROR:crash_report_database_win.cc(457)] unexpected header
[1109/144257.419:ERROR:crash_report_database_win.cc(457)] unexpected header
[1109/145757.422:ERROR:crash_report_database_win.cc(457)] unexpected header
[1109/221157.892:ERROR:crash_report_database_win.cc(457)] unexpected header
[1109/222657.896:ERROR:crash_report_database_win.cc(457)] unexpected header
[1109/224157.900:ERROR:crash_report_database_win.cc(457)] unexpected header
[1109/225657.903:ERROR:crash_report_database_win.cc(457)] unexpected header
[1109/231157.907:ERROR:crash_report_database_win.cc(457)] unexpected header
[1109/232657.910:ERROR:crash_report_database_win.cc(457)] unexpected header
[1109/234157.914:ERROR:crash_report_database_win.cc(457)] unexpected header
[1109/235657.917:ERROR:crash_report_database_win.cc(457)] unexpected header
[1110/001157.920:ERROR:crash_report_database_win.cc(457)] unexpected header
[1110/002657.923:ERROR:crash_report_database_win.cc(457)] unexpected header
[1110/004157.927:ERROR:crash_report_database_win.cc(457)] unexpected header
[1110/005657.930:ERROR:crash_report_database_win.cc(457)] unexpected header
[1110/011157.934:ERROR:crash_report_database_win.cc(457)] unexpected header
[1202/232524.685:ERROR:directory_reader_win.cc(43)] FindFirstFile: The system cannot find the path specified. (0x3)
[1203/221508.748:ERROR:directory_reader_win.cc(43)] FindFirstFile: The system cannot find the path specified. (0x3)
[1204/112925.588:ERROR:directory_reader_win.cc(43)] FindFirstFile: The system cannot find the path specified. (0x3)
[1204/125606.779:ERROR:directory_reader_win.cc(43)] FindFirstFile: The system cannot find the path specified. (0x3)
[1213/022243.941:ERROR:directory_reader_win.cc(43)] FindFirstFile: The system cannot find the path specified. (0x3)
[1222/014335.111:ERROR:directory_reader_win.cc(43)] FindFirstFile: The system cannot find the path specified. (0x3)
[1222/103042.773:ERROR:directory_reader_win.cc(43)] FindFirstFile: The system cannot find the path specified. (0x3)
[1222/155133.932:ERROR:directory_reader_win.cc(43)] FindFirstFile: The system cannot find the path specified. (0x3)
